1681923206312	geckodriver	INFO	Listening on 127.0.0.1:50379
1681923209370	mozrunner::runner	INFO	Running command: MOZ_CRASHREPORTER="1" MOZ_CRASHREPORTER_NO_REPORT="1" MOZ_CRASHREPORTER_SHUTDOWN="1" MOZ_NO_REMOTE="1" "/usr ... ss" "--remote-debugging-port" "33271" "--remote-allow-hosts" "localhost" "-no-remote" "-profile" "/tmp/rust_mozprofileLVBcnV"
*** You are running in headless mode.
1681923216544	Marionette	INFO	Marionette enabled
1681923216624	Marionette	INFO	Listening on port 42787
WebDriver BiDi listening on ws://localhost:33271
Read port: 42787
Read port: 42787
1681923218544	RemoteAgent	WARN	TLS certificate errors will be ignored for this session
[GFX1-]: RenderCompositorSWGL failed mapping default framebuffer, no dt
console.warn: SearchSettings: "get: No settings file exists, new profile?" (new NotFoundError("Could not open the file at /tmp/rust_mozprofileLVBcnV/search.json.mozlz4", (void 0)))
DevTools listening on ws://localhost:33271/devtools/browser/48aede61-116a-460a-835b-fc07b44a0a54
[GFX1-]: Unrecognized feature ACCELERATED_CANVAS2D
1681924694309	geckodriver	INFO	Listening on 127.0.0.1:40043
1681924695738	mozrunner::runner	INFO	Running command: MOZ_CRASHREPORTER="1" MOZ_CRASHREPORTER_NO_REPORT="1" MOZ_CRASHREPORTER_SHUTDOWN="1" MOZ_NO_REMOTE="1" "/usr ... ss" "--remote-debugging-port" "53179" "--remote-allow-hosts" "localhost" "-no-remote" "-profile" "/tmp/rust_mozprofileEQDpMm"
*** You are running in headless mode.
1681924704615	Marionette	INFO	Marionette enabled
1681924704702	Marionette	INFO	Listening on port 44213
Read port: 44213
WebDriver BiDi listening on ws://localhost:53179
Read port: 44213
Read port: 44213
Read port: 44213
1681924708448	RemoteAgent	WARN	TLS certificate errors will be ignored for this session
[GFX1-]: RenderCompositorSWGL failed mapping default framebuffer, no dt
console.warn: SearchSettings: "get: No settings file exists, new profile?" (new NotFoundError("Could not open the file at /tmp/rust_mozprofileEQDpMm/search.json.mozlz4", (void 0)))
DevTools listening on ws://localhost:53179/devtools/browser/a15f3667-81b9-4b80-8dbb-938621e3652e
1681924868790	geckodriver	INFO	Listening on 127.0.0.1:49441
1681924869281	mozrunner::runner	INFO	Running command: MOZ_CRASHREPORTER="1" MOZ_CRASHREPORTER_NO_REPORT="1" MOZ_CRASHREPORTER_SHUTDOWN="1" MOZ_NO_REMOTE="1" "/usr ... ss" "--remote-debugging-port" "51143" "--remote-allow-hosts" "localhost" "-no-remote" "-profile" "/tmp/rust_mozprofiler0gOhC"
*** You are running in headless mode.
1681924870686	Marionette	INFO	Marionette enabled
1681924870696	Marionette	INFO	Listening on port 42017
WebDriver BiDi listening on ws://localhost:51143
Read port: 42017
1681924871434	RemoteAgent	WARN	TLS certificate errors will be ignored for this session
[GFX1-]: RenderCompositorSWGL failed mapping default framebuffer, no dt
console.warn: SearchSettings: "get: No settings file exists, new profile?" (new NotFoundError("Could not open the file at /tmp/rust_mozprofiler0gOhC/search.json.mozlz4", (void 0)))
DevTools listening on ws://localhost:51143/devtools/browser/08f1fe4c-e0a5-46b4-895f-683c4742fbd4
[GFX1-]: Unrecognized feature ACCELERATED_CANVAS2D
1681925258914	geckodriver	INFO	Listening on 127.0.0.1:34745
1681925259428	mozrunner::runner	INFO	Running command: MOZ_CRASHREPORTER="1" MOZ_CRASHREPORTER_NO_REPORT="1" MOZ_CRASHREPORTER_SHUTDOWN="1" MOZ_NO_REMOTE="1" "/usr ... ss" "--remote-debugging-port" "58643" "--remote-allow-hosts" "localhost" "-no-remote" "-profile" "/tmp/rust_mozprofilefhDbBG"
*** You are running in headless mode.
1681925263878	Marionette	INFO	Marionette enabled
1681925263887	Marionette	INFO	Listening on port 39909
WebDriver BiDi listening on ws://localhost:58643
Read port: 39909
1681925264545	RemoteAgent	WARN	TLS certificate errors will be ignored for this session
[GFX1-]: Unrecognized feature ACCELERATED_CANVAS2D
[GFX1-]: RenderCompositorSWGL failed mapping default framebuffer, no dt
console.warn: SearchSettings: "get: No settings file exists, new profile?" (new NotFoundError("Could not open the file at /tmp/rust_mozprofilefhDbBG/search.json.mozlz4", (void 0)))
DevTools listening on ws://localhost:58643/devtools/browser/baa58e37-4b2a-4232-a448-206b1c609afc
[GFX1-]: Unrecognized feature ACCELERATED_CANVAS2D
Exiting due to channel error.
Exiting due to channel error.
Exiting due to channel error.
Exiting due to channel error.
Exiting due to channel error.
Exiting due to channel error.
1682497603269	geckodriver	INFO	Listening on 127.0.0.1:60967
1682497603705	mozrunner::runner	INFO	Running command: MOZ_CRASHREPORTER="1" MOZ_CRASHREPORTER_NO_REPORT="1" MOZ_CRASHREPORTER_SHUTDOWN="1" MOZ_NO_REMOTE="1" "/usr ... ss" "--remote-debugging-port" "55031" "--remote-allow-hosts" "localhost" "-no-remote" "-profile" "/tmp/rust_mozprofile8xLtOs"
*** You are running in headless mode.
1682497606691	Marionette	INFO	Marionette enabled
1682497606721	Marionette	INFO	Listening on port 38245
WebDriver BiDi listening on ws://localhost:55031
Read port: 38245
Read port: 38245
1682497608307	RemoteAgent	WARN	TLS certificate errors will be ignored for this session
[GFX1-]: RenderCompositorSWGL failed mapping default framebuffer, no dt
console.warn: SearchSettings: "get: No settings file exists, new profile?" (new NotFoundError("Could not open the file at /tmp/rust_mozprofile8xLtOs/search.json.mozlz4", (void 0)))
DevTools listening on ws://localhost:55031/devtools/browser/d25428f8-358c-412a-854c-adea47048f20
[GFX1-]: Unrecognized feature ACCELERATED_CANVAS2D
Exiting due to channel error.
Exiting due to channel error.
Exiting due to channel error.
Exiting due to channel error.
Exiting due to channel error.
1682522603618	geckodriver	INFO	Listening on 127.0.0.1:35877
1682522604300	mozrunner::runner	INFO	Running command: MOZ_CRASHREPORTER="1" MOZ_CRASHREPORTER_NO_REPORT="1" MOZ_CRASHREPORTER_SHUTDOWN="1" MOZ_NO_REMOTE="1" "/usr ... ss" "--remote-debugging-port" "60909" "--remote-allow-hosts" "localhost" "-no-remote" "-profile" "/tmp/rust_mozprofile2mKvHf"
*** You are running in headless mode.
1682522610775	Marionette	INFO	Marionette enabled
1682522610813	Marionette	INFO	Listening on port 33783
WebDriver BiDi listening on ws://localhost:60909
Read port: 33783
Read port: 33783
1682522612332	RemoteAgent	WARN	TLS certificate errors will be ignored for this session
[GFX1-]: RenderCompositorSWGL failed mapping default framebuffer, no dt
console.warn: SearchSettings: "get: No settings file exists, new profile?" (new NotFoundError("Could not open the file at /tmp/rust_mozprofile2mKvHf/search.json.mozlz4", (void 0)))
DevTools listening on ws://localhost:60909/devtools/browser/d0b2d93e-d0ad-42e1-9ba0-d9973d7c8c0a
[GFX1-]: Unrecognized feature ACCELERATED_CANVAS2D
1682523051723	geckodriver	INFO	Listening on 127.0.0.1:49587
1682523052638	mozrunner::runner	INFO	Running command: MOZ_CRASHREPORTER="1" MOZ_CRASHREPORTER_NO_REPORT="1" MOZ_CRASHREPORTER_SHUTDOWN="1" MOZ_NO_REMOTE="1" "/usr ... ss" "--remote-debugging-port" "37025" "--remote-allow-hosts" "localhost" "-no-remote" "-profile" "/tmp/rust_mozprofileNeofXd"
*** You are running in headless mode.
1682523058598	Marionette	INFO	Marionette enabled
1682523058669	Marionette	INFO	Listening on port 37849
WebDriver BiDi listening on ws://localhost:37025
Read port: 37849
1682523059731	RemoteAgent	WARN	TLS certificate errors will be ignored for this session
[GFX1-]: RenderCompositorSWGL failed mapping default framebuffer, no dt
console.warn: SearchSettings: "get: No settings file exists, new profile?" (new NotFoundError("Could not open the file at /tmp/rust_mozprofileNeofXd/search.json.mozlz4", (void 0)))
DevTools listening on ws://localhost:37025/devtools/browser/3a98df10-e5f1-4ddb-8bf3-e6b02f159241
1682523068815	geckodriver	INFO	Listening on 127.0.0.1:45647
1682523069357	mozrunner::runner	INFO	Running command: MOZ_CRASHREPORTER="1" MOZ_CRASHREPORTER_NO_REPORT="1" MOZ_CRASHREPORTER_SHUTDOWN="1" MOZ_NO_REMOTE="1" "/usr ... te" "--remote-debugging-port" "45437" "--remote-allow-hosts" "localhost" "-no-remote" "-profile" "/tmp/rust_mozprofilephZNy9"
ATTENTION: default value of option mesa_glthread overridden by environment.
ATTENTION: default value of option mesa_glthread overridden by environment.
ATTENTION: default value of option mesa_glthread overridden by environment.
ATTENTION: default value of option mesa_glthread overridden by environment.
1682523075602	Marionette	INFO	Marionette enabled
1682523075607	Marionette	INFO	Listening on port 46389
WebDriver BiDi listening on ws://localhost:45437
Read port: 46389
Read port: 46389
1682523077020	RemoteAgent	WARN	TLS certificate errors will be ignored for this session
console.warn: SearchSettings: "get: No settings file exists, new profile?" (new NotFoundError("Could not open the file at /tmp/rust_mozprofilephZNy9/search.json.mozlz4", (void 0)))
DevTools listening on ws://localhost:45437/devtools/browser/ec8437a7-d3a0-4765-953d-47ac89866400
[GFX1-]: Unrecognized feature ACCELERATED_CANVAS2D
[GFX1-]: Unrecognized feature ACCELERATED_CANVAS2D
1682523792129	Marionette	INFO	Stopped listening on port 46389
1682523990119	geckodriver	INFO	Listening on 127.0.0.1:59605
1682523991304	mozrunner::runner	INFO	Running command: MOZ_CRASHREPORTER="1" MOZ_CRASHREPORTER_NO_REPORT="1" MOZ_CRASHREPORTER_SHUTDOWN="1" MOZ_NO_REMOTE="1" "/usr ... ss" "--remote-debugging-port" "54287" "--remote-allow-hosts" "localhost" "-no-remote" "-profile" "/tmp/rust_mozprofile6H9hF5"
*** You are running in headless mode.
1682523998328	Marionette	INFO	Marionette enabled
1682523998339	Marionette	INFO	Listening on port 40467
WebDriver BiDi listening on ws://localhost:54287
Read port: 40467
Read port: 40467
1682523999802	RemoteAgent	WARN	TLS certificate errors will be ignored for this session
[GFX1-]: RenderCompositorSWGL failed mapping default framebuffer, no dt
console.warn: SearchSettings: "get: No settings file exists, new profile?" (new NotFoundError("Could not open the file at /tmp/rust_mozprofile6H9hF5/search.json.mozlz4", (void 0)))
DevTools listening on ws://localhost:54287/devtools/browser/9dc53775-d77a-47cb-9e57-0eebdb7e6891
[GFX1-]: Unrecognized feature ACCELERATED_CANVAS2D
1682524574732	geckodriver	INFO	Listening on 127.0.0.1:59625
1682524575564	mozrunner::runner	INFO	Running command: MOZ_CRASHREPORTER="1" MOZ_CRASHREPORTER_NO_REPORT="1" MOZ_CRASHREPORTER_SHUTDOWN="1" MOZ_NO_REMOTE="1" "/usr ... ss" "--remote-debugging-port" "33357" "--remote-allow-hosts" "localhost" "-no-remote" "-profile" "/tmp/rust_mozprofileu7q0yW"
*** You are running in headless mode.
1682524580360	geckodriver	INFO	Listening on 127.0.0.1:49033
1682524580923	mozrunner::runner	INFO	Running command: MOZ_CRASHREPORTER="1" MOZ_CRASHREPORTER_NO_REPORT="1" MOZ_CRASHREPORTER_SHUTDOWN="1" MOZ_NO_REMOTE="1" "/usr ... ss" "--remote-debugging-port" "47009" "--remote-allow-hosts" "localhost" "-no-remote" "-profile" "/tmp/rust_mozprofileijFfdR"
*** You are running in headless mode.
1682524584235	Marionette	INFO	Marionette enabled
1682524584255	Marionette	INFO	Listening on port 46347
WebDriver BiDi listening on ws://localhost:47009
Read port: 46347
1682524584978	RemoteAgent	WARN	TLS certificate errors will be ignored for this session
[GFX1-]: RenderCompositorSWGL failed mapping default framebuffer, no dt
console.warn: SearchSettings: "get: No settings file exists, new profile?" (new NotFoundError("Could not open the file at /tmp/rust_mozprofileijFfdR/search.json.mozlz4", (void 0)))
DevTools listening on ws://localhost:47009/devtools/browser/1b8900b5-6991-4f5e-8413-54d86848735f
[GFX1-]: Unrecognized feature ACCELERATED_CANVAS2D
1682524983655	geckodriver	INFO	Listening on 127.0.0.1:46937
1682524984507	mozrunner::runner	INFO	Running command: MOZ_CRASHREPORTER="1" MOZ_CRASHREPORTER_NO_REPORT="1" MOZ_CRASHREPORTER_SHUTDOWN="1" MOZ_NO_REMOTE="1" "/usr ... ss" "--remote-debugging-port" "52641" "--remote-allow-hosts" "localhost" "-no-remote" "-profile" "/tmp/rust_mozprofile8qvlAb"
*** You are running in headless mode.
1682524989485	Marionette	INFO	Marionette enabled
1682524989515	Marionette	INFO	Listening on port 46773
WebDriver BiDi listening on ws://localhost:52641
Read port: 46773
1682524990577	RemoteAgent	WARN	TLS certificate errors will be ignored for this session
[GFX1-]: RenderCompositorSWGL failed mapping default framebuffer, no dt
console.warn: SearchSettings: "get: No settings file exists, new profile?" (new NotFoundError("Could not open the file at /tmp/rust_mozprofile8qvlAb/search.json.mozlz4", (void 0)))
DevTools listening on ws://localhost:52641/devtools/browser/c6e80480-c0a7-4ff2-8c35-6aada8ba3d41
[GFX1-]: Unrecognized feature ACCELERATED_CANVAS2D
JavaScript error: , line 0: NetworkError: AutoCancel
JavaScript error: , line 0: NetworkError: AutoCancel
JavaScript error: , line 0: NetworkError: AutoCancel
JavaScript error: , line 0: NetworkError: AutoCancel
JavaScript error: , line 0: NetworkError: AutoCancel
JavaScript error: , line 0: NetworkError: AutoCancel
1682528091058	geckodriver	INFO	Listening on 127.0.0.1:51615
1682528091785	mozrunner::runner	INFO	Running command: MOZ_CRASHREPORTER="1" MOZ_CRASHREPORTER_NO_REPORT="1" MOZ_CRASHREPORTER_SHUTDOWN="1" MOZ_NO_REMOTE="1" "/usr ... ss" "--remote-debugging-port" "59303" "--remote-allow-hosts" "localhost" "-no-remote" "-profile" "/tmp/rust_mozprofileuyBVeT"
*** You are running in headless mode.
1682528097036	Marionette	INFO	Marionette enabled
1682528097108	Marionette	INFO	Listening on port 42101
WebDriver BiDi listening on ws://localhost:59303
Read port: 42101
Read port: 42101
1682528098853	RemoteAgent	WARN	TLS certificate errors will be ignored for this session
[GFX1-]: RenderCompositorSWGL failed mapping default framebuffer, no dt
console.warn: SearchSettings: "get: No settings file exists, new profile?" (new NotFoundError("Could not open the file at /tmp/rust_mozprofileuyBVeT/search.json.mozlz4", (void 0)))
DevTools listening on ws://localhost:59303/devtools/browser/615655cf-c79d-4724-b1fa-86b7ef33e14a
[GFX1-]: Unrecognized feature ACCELERATED_CANVAS2D
1682602411587	geckodriver	INFO	Listening on 127.0.0.1:36039
1682602412954	mozrunner::runner	INFO	Running command: MOZ_CRASHREPORTER="1" MOZ_CRASHREPORTER_NO_REPORT="1" MOZ_CRASHREPORTER_SHUTDOWN="1" MOZ_NO_REMOTE="1" "/usr ... ss" "--remote-debugging-port" "42397" "--remote-allow-hosts" "localhost" "-no-remote" "-profile" "/tmp/rust_mozprofilecKsjlt"
*** You are running in headless mode.
1682602437284	Marionette	INFO	Marionette enabled
1682602437295	Marionette	INFO	Listening on port 37053
WebDriver BiDi listening on ws://localhost:42397
Read port: 37053
Read port: 37053
Read port: 37053
Read port: 37053
Read port: 37053
Read port: 37053
Read port: 37053
1682602445392	RemoteAgent	WARN	TLS certificate errors will be ignored for this session
console.error: Region.jsm: "Error fetching region" (new Error("TIMEOUT", "resource://gre/modules/Region.jsm", 769))
console.error: Region.jsm: "Failed to fetch region" (new Error("TIMEOUT", "resource://gre/modules/Region.jsm", 421))
[GFX1-]: RenderCompositorSWGL failed mapping default framebuffer, no dt
console.warn: SearchSettings: "get: No settings file exists, new profile?" (new NotFoundError("Could not open the file at /tmp/rust_mozprofilecKsjlt/search.json.mozlz4", (void 0)))
DevTools listening on ws://localhost:42397/devtools/browser/35591936-2383-4b07-a603-992e5148b8a4
1682602889264	geckodriver	INFO	Listening on 127.0.0.1:47223
1682602889774	mozrunner::runner	INFO	Running command: MOZ_CRASHREPORTER="1" MOZ_CRASHREPORTER_NO_REPORT="1" MOZ_CRASHREPORTER_SHUTDOWN="1" MOZ_NO_REMOTE="1" "/usr ... ss" "--remote-debugging-port" "54639" "--remote-allow-hosts" "localhost" "-no-remote" "-profile" "/tmp/rust_mozprofileTqDIuU"
*** You are running in headless mode.
1682602893353	Marionette	INFO	Marionette enabled
1682602893383	Marionette	INFO	Listening on port 45973
WebDriver BiDi listening on ws://localhost:54639
Read port: 45973
1682602894402	RemoteAgent	WARN	TLS certificate errors will be ignored for this session
[GFX1-]: RenderCompositorSWGL failed mapping default framebuffer, no dt
console.warn: SearchSettings: "get: No settings file exists, new profile?" (new NotFoundError("Could not open the file at /tmp/rust_mozprofileTqDIuU/search.json.mozlz4", (void 0)))
DevTools listening on ws://localhost:54639/devtools/browser/6d3cfc5a-11e7-4a14-a647-b286b8360aaf
console.error: Region.jsm: "Error fetching region" (new Error("TIMEOUT", "resource://gre/modules/Region.jsm", 769))
console.error: Region.jsm: "Failed to fetch region" (new Error("TIMEOUT", "resource://gre/modules/Region.jsm", 421))
1682603140019	geckodriver	INFO	Listening on 127.0.0.1:37511
1682603140574	mozrunner::runner	INFO	Running command: MOZ_CRASHREPORTER="1" MOZ_CRASHREPORTER_NO_REPORT="1" MOZ_CRASHREPORTER_SHUTDOWN="1" MOZ_NO_REMOTE="1" "/usr ... ss" "--remote-debugging-port" "33461" "--remote-allow-hosts" "localhost" "-no-remote" "-profile" "/tmp/rust_mozprofilegAOalM"
*** You are running in headless mode.
1682603140942	Marionette	INFO	Marionette enabled
1682603140946	Marionette	INFO	Listening on port 44401
WebDriver BiDi listening on ws://localhost:33461
Read port: 44401
1682603141361	RemoteAgent	WARN	TLS certificate errors will be ignored for this session
[GFX1-]: RenderCompositorSWGL failed mapping default framebuffer, no dt
console.warn: SearchSettings: "get: No settings file exists, new profile?" (new NotFoundError("Could not open the file at /tmp/rust_mozprofilegAOalM/search.json.mozlz4", (void 0)))
DevTools listening on ws://localhost:33461/devtools/browser/f285f7ad-b5bb-40c8-9374-0fccb791540a
1682603284038	geckodriver	INFO	Listening on 127.0.0.1:49697
1682603285009	mozrunner::runner	INFO	Running command: MOZ_CRASHREPORTER="1" MOZ_CRASHREPORTER_NO_REPORT="1" MOZ_CRASHREPORTER_SHUTDOWN="1" MOZ_NO_REMOTE="1" "/usr ... ss" "--remote-debugging-port" "38311" "--remote-allow-hosts" "localhost" "-no-remote" "-profile" "/tmp/rust_mozprofileW2ehRT"
*** You are running in headless mode.
1682603294886	Marionette	INFO	Marionette enabled
1682603294908	Marionette	INFO	Listening on port 35927
WebDriver BiDi listening on ws://localhost:38311
Read port: 35927
Read port: 35927
1682603296444	RemoteAgent	WARN	TLS certificate errors will be ignored for this session
[GFX1-]: RenderCompositorSWGL failed mapping default framebuffer, no dt
[GFX1-]: Unrecognized feature ACCELERATED_CANVAS2D
console.warn: SearchSettings: "get: No settings file exists, new profile?" (new NotFoundError("Could not open the file at /tmp/rust_mozprofileW2ehRT/search.json.mozlz4", (void 0)))
console.error: Region.jsm: "Error fetching region" (new Error("TIMEOUT", "resource://gre/modules/Region.jsm", 769))
console.error: Region.jsm: "Failed to fetch region" (new Error("TIMEOUT", "resource://gre/modules/Region.jsm", 421))
DevTools listening on ws://localhost:38311/devtools/browser/81b3c22d-f54b-4c70-bc54-e19622f4e2dc
console.error: services.settings: 
  Message: NetworkError: Network error: TypeError: NetworkError: Network request failed
  Stack:
    APIError@resource://services-settings/RemoteSettingsClient.jsm:117:1
NetworkError@resource://services-settings/RemoteSettingsClient.jsm:121:5
_adjustedError@resource://services-settings/RemoteSettingsClient.jsm:859:14
maybeSync@resource://services-settings/RemoteSettingsClient.jsm:764:38

[GFX1-]: Unrecognized feature ACCELERATED_CANVAS2D
[GFX1-]: Unrecognized feature ACCELERATED_CANVAS2D
1682604295416	geckodriver	INFO	Listening on 127.0.0.1:34687
1682604295788	mozrunner::runner	INFO	Running command: MOZ_CRASHREPORTER="1" MOZ_CRASHREPORTER_NO_REPORT="1" MOZ_CRASHREPORTER_SHUTDOWN="1" MOZ_NO_REMOTE="1" "/usr ... ss" "--remote-debugging-port" "57815" "--remote-allow-hosts" "localhost" "-no-remote" "-profile" "/tmp/rust_mozprofileLK3MsF"
*** You are running in headless mode.
1682604298814	Marionette	INFO	Marionette enabled
1682604298894	Marionette	INFO	Listening on port 44431
WebDriver BiDi listening on ws://localhost:57815
Read port: 44431
1682604299746	RemoteAgent	WARN	TLS certificate errors will be ignored for this session
[GFX1-]: RenderCompositorSWGL failed mapping default framebuffer, no dt
console.warn: SearchSettings: "get: No settings file exists, new profile?" (new NotFoundError("Could not open the file at /tmp/rust_mozprofileLK3MsF/search.json.mozlz4", (void 0)))
console.error: Region.jsm: "Error fetching region" (new Error("TIMEOUT", "resource://gre/modules/Region.jsm", 769))
console.error: Region.jsm: "Failed to fetch region" (new Error("TIMEOUT", "resource://gre/modules/Region.jsm", 421))
DevTools listening on ws://localhost:57815/devtools/browser/44e9a758-c6cf-457e-81a8-4c4542598c4c
1682604456929	geckodriver	INFO	Listening on 127.0.0.1:44089
1682604457433	mozrunner::runner	INFO	Running command: MOZ_CRASHREPORTER="1" MOZ_CRASHREPORTER_NO_REPORT="1" MOZ_CRASHREPORTER_SHUTDOWN="1" MOZ_NO_REMOTE="1" "/usr ... ss" "--remote-debugging-port" "43381" "--remote-allow-hosts" "localhost" "-no-remote" "-profile" "/tmp/rust_mozprofile1NoZ0E"
*** You are running in headless mode.
1682604460014	Marionette	INFO	Marionette enabled
1682604460035	Marionette	INFO	Listening on port 35797
Read port: 35797
WebDriver BiDi listening on ws://localhost:43381
1682604460848	RemoteAgent	WARN	TLS certificate errors will be ignored for this session
[GFX1-]: RenderCompositorSWGL failed mapping default framebuffer, no dt
console.warn: SearchSettings: "get: No settings file exists, new profile?" (new NotFoundError("Could not open the file at /tmp/rust_mozprofile1NoZ0E/search.json.mozlz4", (void 0)))
DevTools listening on ws://localhost:43381/devtools/browser/8c5f31a7-73c4-487c-b481-9347e11c8467
[GFX1-]: Unrecognized feature ACCELERATED_CANVAS2D
1682604759837	geckodriver	INFO	Listening on 127.0.0.1:41029
1682604761082	mozrunner::runner	INFO	Running command: MOZ_CRASHREPORTER="1" MOZ_CRASHREPORTER_NO_REPORT="1" MOZ_CRASHREPORTER_SHUTDOWN="1" MOZ_NO_REMOTE="1" "/usr ... ss" "--remote-debugging-port" "54457" "--remote-allow-hosts" "localhost" "-no-remote" "-profile" "/tmp/rust_mozprofilew9FJKO"
*** You are running in headless mode.
1682604766894	Marionette	INFO	Marionette enabled
1682604766939	Marionette	INFO	Listening on port 43223
WebDriver BiDi listening on ws://localhost:54457
Read port: 43223
1682604768009	RemoteAgent	WARN	TLS certificate errors will be ignored for this session
[GFX1-]: RenderCompositorSWGL failed mapping default framebuffer, no dt
console.warn: SearchSettings: "get: No settings file exists, new profile?" (new NotFoundError("Could not open the file at /tmp/rust_mozprofilew9FJKO/search.json.mozlz4", (void 0)))
DevTools listening on ws://localhost:54457/devtools/browser/b8e5c20a-8e15-47ca-8e8d-90613437b55e
[GFX1-]: Unrecognized feature ACCELERATED_CANVAS2D
[GFX1-]: Unrecognized feature ACCELERATED_CANVAS2D
1682606190591	geckodriver	INFO	Listening on 127.0.0.1:58125
1682606191029	mozrunner::runner	INFO	Running command: MOZ_CRASHREPORTER="1" MOZ_CRASHREPORTER_NO_REPORT="1" MOZ_CRASHREPORTER_SHUTDOWN="1" MOZ_NO_REMOTE="1" "/usr ... ss" "--remote-debugging-port" "49413" "--remote-allow-hosts" "localhost" "-no-remote" "-profile" "/tmp/rust_mozprofileYt06F6"
*** You are running in headless mode.
1682606194264	Marionette	INFO	Marionette enabled
1682606194272	Marionette	INFO	Listening on port 42057
WebDriver BiDi listening on ws://localhost:49413
Read port: 42057
1682606194854	RemoteAgent	WARN	TLS certificate errors will be ignored for this session
[GFX1-]: RenderCompositorSWGL failed mapping default framebuffer, no dt
console.warn: SearchSettings: "get: No settings file exists, new profile?" (new NotFoundError("Could not open the file at /tmp/rust_mozprofileYt06F6/search.json.mozlz4", (void 0)))
DevTools listening on ws://localhost:49413/devtools/browser/eac8767e-4bc2-47e7-b8dd-c0dfe4ab7929
1682606482579	geckodriver	INFO	Listening on 127.0.0.1:45349
1682606483570	mozrunner::runner	INFO	Running command: MOZ_CRASHREPORTER="1" MOZ_CRASHREPORTER_NO_REPORT="1" MOZ_CRASHREPORTER_SHUTDOWN="1" MOZ_NO_REMOTE="1" "/usr ... ss" "--remote-debugging-port" "47983" "--remote-allow-hosts" "localhost" "-no-remote" "-profile" "/tmp/rust_mozprofileexYYcV"
*** You are running in headless mode.
1682606486778	Marionette	INFO	Marionette enabled
1682606486798	Marionette	INFO	Listening on port 43861
WebDriver BiDi listening on ws://localhost:47983
Read port: 43861
1682606487534	RemoteAgent	WARN	TLS certificate errors will be ignored for this session
[GFX1-]: RenderCompositorSWGL failed mapping default framebuffer, no dt
console.warn: SearchSettings: "get: No settings file exists, new profile?" (new NotFoundError("Could not open the file at /tmp/rust_mozprofileexYYcV/search.json.mozlz4", (void 0)))
DevTools listening on ws://localhost:47983/devtools/browser/baba3fbb-3ab4-493c-a67b-2edcc2a0f844
[GFX1-]: Unrecognized feature ACCELERATED_CANVAS2D
[GFX1-]: Unrecognized feature ACCELERATED_CANVAS2D
1682607451605	geckodriver	INFO	Listening on 127.0.0.1:38281
1682607451939	mozrunner::runner	INFO	Running command: MOZ_CRASHREPORTER="1" MOZ_CRASHREPORTER_NO_REPORT="1" MOZ_CRASHREPORTER_SHUTDOWN="1" MOZ_NO_REMOTE="1" "/usr ... ss" "--remote-debugging-port" "57695" "--remote-allow-hosts" "localhost" "-no-remote" "-profile" "/tmp/rust_mozprofile1uOBpS"
*** You are running in headless mode.
1682607460265	Marionette	INFO	Marionette enabled
1682607460337	Marionette	INFO	Listening on port 41299
Read port: 41299
WebDriver BiDi listening on ws://localhost:57695
1682607461448	RemoteAgent	WARN	TLS certificate errors will be ignored for this session
[GFX1-]: RenderCompositorSWGL failed mapping default framebuffer, no dt
console.warn: SearchSettings: "get: No settings file exists, new profile?" (new NotFoundError("Could not open the file at /tmp/rust_mozprofile1uOBpS/search.json.mozlz4", (void 0)))
console.error: Region.jsm: "Error fetching region" (new Error("TIMEOUT", "resource://gre/modules/Region.jsm", 769))
console.error: Region.jsm: "Failed to fetch region" (new Error("TIMEOUT", "resource://gre/modules/Region.jsm", 421))
DevTools listening on ws://localhost:57695/devtools/browser/cc802862-6014-42e8-82db-e99d44ab2e21
Exiting due to channel error.
Exiting due to channel error.
Exiting due to channel error.
Exiting due to channel error.
Exiting due to channel error.
Exiting due to channel error.
1682607616828	geckodriver	INFO	Listening on 127.0.0.1:56777
1682607617119	mozrunner::runner	INFO	Running command: MOZ_CRASHREPORTER="1" MOZ_CRASHREPORTER_NO_REPORT="1" MOZ_CRASHREPORTER_SHUTDOWN="1" MOZ_NO_REMOTE="1" "/usr ... ss" "--remote-debugging-port" "45227" "--remote-allow-hosts" "localhost" "-no-remote" "-profile" "/tmp/rust_mozprofile8Cxm1R"
*** You are running in headless mode.
1682607621146	Marionette	INFO	Marionette enabled
1682607621175	Marionette	INFO	Listening on port 38629
WebDriver BiDi listening on ws://localhost:45227
Read port: 38629
1682607621991	RemoteAgent	WARN	TLS certificate errors will be ignored for this session
[GFX1-]: RenderCompositorSWGL failed mapping default framebuffer, no dt
console.warn: SearchSettings: "get: No settings file exists, new profile?" (new NotFoundError("Could not open the file at /tmp/rust_mozprofile8Cxm1R/search.json.mozlz4", (void 0)))
DevTools listening on ws://localhost:45227/devtools/browser/8ccfb6ab-a346-4e38-a467-aee5d0f96b56
console.error: Region.jsm: "Error fetching region" (new AbortError("The operation was aborted. ", (void 0), 767))
console.error: Region.jsm: "Failed to fetch region" (new Error("NO_RESULT", "resource://gre/modules/Region.jsm", 421))
[GFX1-]: Unrecognized feature ACCELERATED_CANVAS2D
1682608136515	geckodriver	INFO	Listening on 127.0.0.1:59449
1682608138214	mozrunner::runner	INFO	Running command: MOZ_CRASHREPORTER="1" MOZ_CRASHREPORTER_NO_REPORT="1" MOZ_CRASHREPORTER_SHUTDOWN="1" MOZ_NO_REMOTE="1" "/usr ... ss" "--remote-debugging-port" "49443" "--remote-allow-hosts" "localhost" "-no-remote" "-profile" "/tmp/rust_mozprofilex50rvj"
*** You are running in headless mode.
1682608142165	Marionette	INFO	Marionette enabled
1682608142176	Marionette	INFO	Listening on port 37089
WebDriver BiDi listening on ws://localhost:49443
Read port: 37089
1682608143013	RemoteAgent	WARN	TLS certificate errors will be ignored for this session
[GFX1-]: RenderCompositorSWGL failed mapping default framebuffer, no dt
console.warn: SearchSettings: "get: No settings file exists, new profile?" (new NotFoundError("Could not open the file at /tmp/rust_mozprofilex50rvj/search.json.mozlz4", (void 0)))
DevTools listening on ws://localhost:49443/devtools/browser/396eff25-4ffc-46e2-a1c7-82f530396a46
[GFX1-]: Unrecognized feature ACCELERATED_CANVAS2D
1682608866166	geckodriver	INFO	Listening on 127.0.0.1:44651
1682608866368	mozrunner::runner	INFO	Running command: MOZ_CRASHREPORTER="1" MOZ_CRASHREPORTER_NO_REPORT="1" MOZ_CRASHREPORTER_SHUTDOWN="1" MOZ_NO_REMOTE="1" "/usr ... ss" "--remote-debugging-port" "55607" "--remote-allow-hosts" "localhost" "-no-remote" "-profile" "/tmp/rust_mozprofileCYpbjz"
*** You are running in headless mode.
1682608874636	Marionette	INFO	Marionette enabled
1682608874666	Marionette	INFO	Listening on port 42413
Read port: 42413
WebDriver BiDi listening on ws://localhost:55607
Read port: 42413
Read port: 42413
1682608877527	RemoteAgent	WARN	TLS certificate errors will be ignored for this session
console.error: Region.jsm: "Error fetching region" (new Error("TIMEOUT", "resource://gre/modules/Region.jsm", 769))
console.error: Region.jsm: "Failed to fetch region" (new Error("TIMEOUT", "resource://gre/modules/Region.jsm", 421))
[GFX1-]: RenderCompositorSWGL failed mapping default framebuffer, no dt
console.warn: SearchSettings: "get: No settings file exists, new profile?" (new NotFoundError("Could not open the file at /tmp/rust_mozprofileCYpbjz/search.json.mozlz4", (void 0)))
DevTools listening on ws://localhost:55607/devtools/browser/993be058-da47-41ce-98ae-21240c13e647
[GFX1-]: Unrecognized feature ACCELERATED_CANVAS2D
1682609404723	addons.xpi	ERROR	System addon update list error Error: Failed downloading XML, status: 0, reason: timeout
JavaScript error: , line 0: NetworkError: AutoCancel
console.error: Region.jsm: "Error fetching region" (new Error("TIMEOUT", "resource://gre/modules/Region.jsm", 769))
console.error: Region.jsm: "Failed to fetch region" (new Error("TIMEOUT", "resource://gre/modules/Region.jsm", 421))
1682784050164	geckodriver	INFO	Listening on 127.0.0.1:41099
1682784050666	mozrunner::runner	INFO	Running command: MOZ_CRASHREPORTER="1" MOZ_CRASHREPORTER_NO_REPORT="1" MOZ_CRASHREPORTER_SHUTDOWN="1" MOZ_NO_REMOTE="1" "/usr ... ss" "--remote-debugging-port" "40323" "--remote-allow-hosts" "localhost" "-no-remote" "-profile" "/tmp/rust_mozprofilezwwRdy"
*** You are running in headless mode.
1682784056770	Marionette	INFO	Marionette enabled
1682784056808	Marionette	INFO	Listening on port 41067
WebDriver BiDi listening on ws://localhost:40323
Read port: 41067
1682784057819	RemoteAgent	WARN	TLS certificate errors will be ignored for this session
[GFX1-]: RenderCompositorSWGL failed mapping default framebuffer, no dt
console.warn: SearchSettings: "get: No settings file exists, new profile?" (new NotFoundError("Could not open the file at /tmp/rust_mozprofilezwwRdy/search.json.mozlz4", (void 0)))
DevTools listening on ws://localhost:40323/devtools/browser/c96ce807-8d68-47de-82be-4df47669a63e
1682784070143	geckodriver	INFO	Listening on 127.0.0.1:45369
1682784070516	mozrunner::runner	INFO	Running command: MOZ_CRASHREPORTER="1" MOZ_CRASHREPORTER_NO_REPORT="1" MOZ_CRASHREPORTER_SHUTDOWN="1" MOZ_NO_REMOTE="1" "/usr ... te" "--remote-debugging-port" "60137" "--remote-allow-hosts" "localhost" "-no-remote" "-profile" "/tmp/rust_mozprofileqvl0sr"
ATTENTION: default value of option mesa_glthread overridden by environment.
ATTENTION: default value of option mesa_glthread overridden by environment.
ATTENTION: default value of option mesa_glthread overridden by environment.
ATTENTION: default value of option mesa_glthread overridden by environment.
1682784077300	Marionette	INFO	Marionette enabled
1682784077306	Marionette	INFO	Listening on port 44485
WebDriver BiDi listening on ws://localhost:60137
Read port: 44485
1682784078075	RemoteAgent	WARN	TLS certificate errors will be ignored for this session
console.warn: SearchSettings: "get: No settings file exists, new profile?" (new NotFoundError("Could not open the file at /tmp/rust_mozprofileqvl0sr/search.json.mozlz4", (void 0)))
DevTools listening on ws://localhost:60137/devtools/browser/4e0f909d-7f73-49ee-90a2-98a3c8ef6efe
[GFX1-]: Unrecognized feature ACCELERATED_CANVAS2D
[GFX1-]: Unrecognized feature ACCELERATED_CANVAS2D
1682784586778	addons.xpi	ERROR	System addon update list error Error: Failed downloading XML, status: 0, reason: timeout
JavaScript error: https://www.hostinger.com/tutorials/using-scp-command-to-transfer-files/ line 3 > injectedScript, line 2: TypeError: window.wp is undefined
JavaScript error: https://www.hostinger.com/tutorials/using-scp-command-to-transfer-files/ line 3 > injectedScript, line 2: ReferenceError: tinymce is not defined
JavaScript error: https://www.hostinger.com/tutorials/wp-content/cache/min/2/tutorials/wp-content/themes/tutorialsthemeuplift/resources/js/yoast-seo-base-site-url.js?ver=1681227774, line 1: TypeError: window.wpseoScriptData is undefined
1682785474251	Marionette	INFO	Stopped listening on port 44485
1682786368555	Marionette	INFO	Stopped listening on port 41067
Exiting due to channel error.
Exiting due to channel error.
Exiting due to channel error.
Exiting due to channel error.
Exiting due to channel error.
1682951773827	geckodriver	INFO	Listening on 127.0.0.1:33851
1682951774313	mozrunner::runner	INFO	Running command: MOZ_CRASHREPORTER="1" MOZ_CRASHREPORTER_NO_REPORT="1" MOZ_CRASHREPORTER_SHUTDOWN="1" MOZ_NO_REMOTE="1" "/usr ... ss" "--remote-debugging-port" "50777" "--remote-allow-hosts" "localhost" "-no-remote" "-profile" "/tmp/rust_mozprofileYjuHiY"
*** You are running in headless mode.
1682951858298	geckodriver	INFO	Listening on 127.0.0.1:49303
1682951858673	mozrunner::runner	INFO	Running command: MOZ_CRASHREPORTER="1" MOZ_CRASHREPORTER_NO_REPORT="1" MOZ_CRASHREPORTER_SHUTDOWN="1" MOZ_NO_REMOTE="1" "/usr ... ss" "--remote-debugging-port" "47011" "--remote-allow-hosts" "localhost" "-no-remote" "-profile" "/tmp/rust_mozprofilesAUGj7"
*** You are running in headless mode.
1682951861363	Marionette	INFO	Marionette enabled
1682951861410	Marionette	INFO	Listening on port 39045
WebDriver BiDi listening on ws://localhost:47011
Read port: 39045
Read port: 39045
1682951862962	RemoteAgent	WARN	TLS certificate errors will be ignored for this session
[GFX1-]: RenderCompositorSWGL failed mapping default framebuffer, no dt
console.warn: SearchSettings: "get: No settings file exists, new profile?" (new NotFoundError("Could not open the file at /tmp/rust_mozprofilesAUGj7/search.json.mozlz4", (void 0)))
DevTools listening on ws://localhost:47011/devtools/browser/b8bf6099-0091-42e7-8bbc-d3f344fdad33
Exiting due to channel error.
Exiting due to channel error.
Exiting due to channel error.
Exiting due to channel error.
Exiting due to channel error.
Exiting due to channel error.
1682956865674	geckodriver	INFO	Listening on 127.0.0.1:34449
1682956866515	mozrunner::runner	INFO	Running command: MOZ_CRASHREPORTER="1" MOZ_CRASHREPORTER_NO_REPORT="1" MOZ_CRASHREPORTER_SHUTDOWN="1" MOZ_NO_REMOTE="1" "/usr ... ss" "--remote-debugging-port" "39091" "--remote-allow-hosts" "localhost" "-no-remote" "-profile" "/tmp/rust_mozprofileKTGD9T"
*** You are running in headless mode.
1682956871860	Marionette	INFO	Marionette enabled
1682956871890	Marionette	INFO	Listening on port 36463
WebDriver BiDi listening on ws://localhost:39091
Read port: 36463
1682956873051	RemoteAgent	WARN	TLS certificate errors will be ignored for this session
[GFX1-]: RenderCompositorSWGL failed mapping default framebuffer, no dt
console.warn: SearchSettings: "get: No settings file exists, new profile?" (new NotFoundError("Could not open the file at /tmp/rust_mozprofileKTGD9T/search.json.mozlz4", (void 0)))
DevTools listening on ws://localhost:39091/devtools/browser/168692a5-b6d1-4264-85a1-a201cc12e8c8
1682956887224	geckodriver	INFO	Listening on 127.0.0.1:37601
1682956887885	mozrunner::runner	INFO	Running command: MOZ_CRASHREPORTER="1" MOZ_CRASHREPORTER_NO_REPORT="1" MOZ_CRASHREPORTER_SHUTDOWN="1" MOZ_NO_REMOTE="1" "/usr ... te" "--remote-debugging-port" "34275" "--remote-allow-hosts" "localhost" "-no-remote" "-profile" "/tmp/rust_mozprofileC9DmYE"
ATTENTION: default value of option mesa_glthread overridden by environment.
ATTENTION: default value of option mesa_glthread overridden by environment.
ATTENTION: default value of option mesa_glthread overridden by environment.
ATTENTION: default value of option mesa_glthread overridden by environment.
1682956891954	Marionette	INFO	Marionette enabled
1682956891964	Marionette	INFO	Listening on port 46695
WebDriver BiDi listening on ws://localhost:34275
Read port: 46695
Read port: 46695
1682956893491	RemoteAgent	WARN	TLS certificate errors will be ignored for this session
console.error: Region.jsm: "Error fetching region" (new Error("TIMEOUT", "resource://gre/modules/Region.jsm", 769))
console.error: Region.jsm: "Failed to fetch region" (new Error("TIMEOUT", "resource://gre/modules/Region.jsm", 421))
console.warn: SearchSettings: "get: No settings file exists, new profile?" (new NotFoundError("Could not open the file at /tmp/rust_mozprofileC9DmYE/search.json.mozlz4", (void 0)))
DevTools listening on ws://localhost:34275/devtools/browser/72d4fff9-24ea-4a04-98d4-6136c0b2bad5
1682957132105	Marionette	INFO	Stopped listening on port 46695
[GFX1-]: Unrecognized feature ACCELERATED_CANVAS2D
1682957437829	geckodriver	INFO	Listening on 127.0.0.1:40081
1682957438282	mozrunner::runner	INFO	Running command: MOZ_CRASHREPORTER="1" MOZ_CRASHREPORTER_NO_REPORT="1" MOZ_CRASHREPORTER_SHUTDOWN="1" MOZ_NO_REMOTE="1" "/usr ... ss" "--remote-debugging-port" "49187" "--remote-allow-hosts" "localhost" "-no-remote" "-profile" "/tmp/rust_mozprofileb5ACLP"
*** You are running in headless mode.
1682957442426	Marionette	INFO	Marionette enabled
1682957442447	Marionette	INFO	Listening on port 33871
WebDriver BiDi listening on ws://localhost:49187
Read port: 33871
1682957443392	RemoteAgent	WARN	TLS certificate errors will be ignored for this session
[GFX1-]: RenderCompositorSWGL failed mapping default framebuffer, no dt
console.warn: SearchSettings: "get: No settings file exists, new profile?" (new NotFoundError("Could not open the file at /tmp/rust_mozprofileb5ACLP/search.json.mozlz4", (void 0)))
DevTools listening on ws://localhost:49187/devtools/browser/585a9c9a-e500-4012-92f9-a28054fda4de
Exiting due to channel error.
Exiting due to channel error.
Exiting due to channel error.
Exiting due to channel error.
Exiting due to channel error.
Exiting due to channel error.
1682957724390	geckodriver	INFO	Listening on 127.0.0.1:59671
1682957724969	mozrunner::runner	INFO	Running command: MOZ_CRASHREPORTER="1" MOZ_CRASHREPORTER_NO_REPORT="1" MOZ_CRASHREPORTER_SHUTDOWN="1" MOZ_NO_REMOTE="1" "/usr ... ss" "--remote-debugging-port" "38505" "--remote-allow-hosts" "localhost" "-no-remote" "-profile" "/tmp/rust_mozprofileGLwRV7"
*** You are running in headless mode.
1682957727299	Marionette	INFO	Marionette enabled
1682957727309	Marionette	INFO	Listening on port 36753
WebDriver BiDi listening on ws://localhost:38505
Read port: 36753
1682957727967	RemoteAgent	WARN	TLS certificate errors will be ignored for this session
[GFX1-]: RenderCompositorSWGL failed mapping default framebuffer, no dt
console.warn: SearchSettings: "get: No settings file exists, new profile?" (new NotFoundError("Could not open the file at /tmp/rust_mozprofileGLwRV7/search.json.mozlz4", (void 0)))
DevTools listening on ws://localhost:38505/devtools/browser/dd80f0eb-7894-4db3-b357-6f7e61bb50a6
1682957731831	geckodriver	INFO	Listening on 127.0.0.1:44135
1682957732384	mozrunner::runner	INFO	Running command: MOZ_CRASHREPORTER="1" MOZ_CRASHREPORTER_NO_REPORT="1" MOZ_CRASHREPORTER_SHUTDOWN="1" MOZ_NO_REMOTE="1" "/usr ... te" "--remote-debugging-port" "49653" "--remote-allow-hosts" "localhost" "-no-remote" "-profile" "/tmp/rust_mozprofileVHRMcC"
ATTENTION: default value of option mesa_glthread overridden by environment.
ATTENTION: default value of option mesa_glthread overridden by environment.
ATTENTION: default value of option mesa_glthread overridden by environment.
ATTENTION: default value of option mesa_glthread overridden by environment.
1682957738730	Marionette	INFO	Marionette enabled
1682957738737	Marionette	INFO	Listening on port 36605
WebDriver BiDi listening on ws://localhost:49653
Read port: 36605
1682957739587	RemoteAgent	WARN	TLS certificate errors will be ignored for this session
console.error: Region.jsm: "Error fetching region" (new Error("TIMEOUT", "resource://gre/modules/Region.jsm", 769))
console.error: Region.jsm: "Failed to fetch region" (new Error("TIMEOUT", "resource://gre/modules/Region.jsm", 421))
console.warn: SearchSettings: "get: No settings file exists, new profile?" (new NotFoundError("Could not open the file at /tmp/rust_mozprofileVHRMcC/search.json.mozlz4", (void 0)))
DevTools listening on ws://localhost:49653/devtools/browser/daf9edad-2268-48d2-8517-2b1e277b1453
1682957762009	Marionette	WARN	TimedPromise timed out after 500 ms: stacktrace:
TimedPromise/<@chrome://remote/content/marionette/sync.js:237:24
TimedPromise@chrome://remote/content/marionette/sync.js:222:10
interaction.flushEventLoop@chrome://remote/content/marionette/interaction.js:431:10
webdriverClickElement@chrome://remote/content/marionette/interaction.js:179:31
1682958066032	Marionette	INFO	Stopped listening on port 36605
[GFX1-]: Unrecognized feature ACCELERATED_CANVAS2D
